/home/runner/work/authpro/authpro/input/authpro.xml:222:13: error: element "usecases" not allowed anywhere; expected the element end-tag, text, element "_", "assignable", "choice", "componentsneeded", "ctr", "depends", "equation", "figure", "no-link", "refinement", "section", "selectables", "snip", "testlist" or "xref" or an element from another namespace
/home/runner/work/authpro/authpro/input/authpro.xml:232:19: error: element "usecases" not allowed anywhere; expected the element end-tag, text, element "_", "assignable", "choice", "componentsneeded", "ctr", "depends", "equation", "figure", "no-link", "refinement", "section", "selectables", "snip", "testlist" or "xref" or an element from another namespace
/home/runner/work/authpro/authpro/input/authpro.xml:234:40: error: element "usecases" not allowed anywhere; expected the element end-tag, text, element "_", "assignable", "choice", "componentsneeded", "ctr", "depends", "equation", "figure", "no-link", "refinement", "section", "selectables", "snip", "testlist" or "xref" or an element from another namespace
/home/runner/work/authpro/authpro/input/authpro.xml:241:19: error: element "usecases" not allowed anywhere; expected the element end-tag, text, element "_", "assignable", "choice", "componentsneeded", "ctr", "depends", "equation", "figure", "no-link", "refinement", "section", "selectables", "snip", "testlist" or "xref" or an element from another namespace
/home/runner/work/authpro/authpro/input/authpro.xml:243:40: error: element "usecases" not allowed anywhere; expected the element end-tag, text, element "_", "assignable", "choice", "componentsneeded", "ctr", "depends", "equation", "figure", "no-link", "refinement", "section", "selectables", "snip", "testlist" or "xref" or an element from another namespace
/home/runner/work/authpro/authpro/input/authpro.xml:250:19: error: element "usecases" not allowed anywhere; expected the element end-tag, text, element "_", "assignable", "choice", "componentsneeded", "ctr", "depends", "equation", "figure", "no-link", "refinement", "section", "selectables", "snip", "testlist" or "xref" or an element from another namespace
/home/runner/work/authpro/authpro/input/authpro.xml:252:40: error: element "usecases" not allowed anywhere; expected the element end-tag, text, element "_", "assignable", "choice", "componentsneeded", "ctr", "depends", "equation", "figure", "no-link", "refinement", "section", "selectables", "snip", "testlist" or "xref" or an element from another namespace
